<?xml version="1.0" encoding="UTF-8"?>
<robot generator="Robot 7.2.2 (Python 3.12.9 on win32)" generated="2025-02-21T09:38:02.603106" rpa="false" schemaversion="5">
<suite id="s1" name="atembed-py-robotFramework" source="C:\Users\leots\OneDrive\Desktop\windows-linux\Atembedd\atembed-py-robotFramework">
<suite id="s1-s1" name="Atembedd Release Suite" source="C:\Users\leots\OneDrive\Desktop\windows-linux\Atembedd\atembed-py-robotFramework\Atembedd_Release_Suite">
<suite id="s1-s1-s1" name="01 TCASE WEB REQUEST SELENIUM" source="C:\Users\leots\OneDrive\Desktop\windows-linux\Atembedd\atembed-py-robotFramework\Atembedd_Release_Suite\01_TCASE_WEB_REQUEST_SELENIUM">
<suite id="s1-s1-s1-s1" name="01 TCASE WEB REQUEST SELENIUM" source="C:\Users\leots\OneDrive\Desktop\windows-linux\Atembedd\atembed-py-robotFramework\Atembedd_Release_Suite\01_TCASE_WEB_REQUEST_SELENIUM\01_TCASE_WEB_REQUEST_SELENIUM.robot">
<test id="s1-s1-s1-s1-t1" name="TCASE_WEB_REQUEST_SELENIUM" line="14">
<kw name="Open Browser" owner="SeleniumLibrary" type="SETUP">
<msg time="2025-02-21T09:38:03.887777" level="INFO">Opening browser 'edge' to base url 'https://www.bing.com/'.</msg>
<arg>${URL}</arg>
<arg>edge</arg>
<doc>Opens a new browser instance to the optional ``url``.</doc>
<status status="PASS" start="2025-02-21T09:38:03.886778" elapsed="2.335516"/>
</kw>
<kw name="Maximize Browser Window" owner="SeleniumLibrary">
<doc>Maximizes current browser window.</doc>
<status status="PASS" start="2025-02-21T09:38:06.223396" elapsed="0.163085"/>
</kw>
<kw name="Input Text" owner="SeleniumLibrary">
<msg time="2025-02-21T09:38:06.389141" level="INFO">Typing text 'Selenium' into text field 'name=q'.</msg>
<arg>name=q</arg>
<arg>Selenium</arg>
<doc>Types the given ``text`` into the text field identified by ``locator``.</doc>
<status status="PASS" start="2025-02-21T09:38:06.387606" elapsed="0.238976"/>
</kw>
<kw name="Press Keys" owner="SeleniumLibrary">
<msg time="2025-02-21T09:38:06.631858" level="INFO">Sending key(s) ('\\13',) to name=q element.</msg>
<msg time="2025-02-21T09:38:07.166124" level="INFO">Sending keys \13</msg>
<arg>name=q</arg>
<arg>\\13</arg>
<doc>Simulates the user pressing key(s) to an element or on the active browser.</doc>
<status status="PASS" start="2025-02-21T09:38:06.629879" elapsed="0.683768"/>
</kw>
<kw name="Capture Page Screenshot" owner="SeleniumLibrary">
<msg time="2025-02-21T09:38:08.224834" level="INFO" html="true">&lt;/td&gt;&lt;/tr&gt;&lt;tr&gt;&lt;td colspan="3"&gt;&lt;a href="selenium-screenshot-9.png"&gt;&lt;img src="selenium-screenshot-9.png" width="800px"&gt;&lt;/a&gt;</msg>
<doc>Takes a screenshot of the current page and embeds it into a log file.</doc>
<status status="PASS" start="2025-02-21T09:38:07.318651" elapsed="0.906183"/>
</kw>
<kw name="Close Browser" owner="SeleniumLibrary" type="TEARDOWN">
<doc>Closes the current browser.</doc>
<status status="PASS" start="2025-02-21T09:38:08.225833" elapsed="2.360653"/>
</kw>
<doc>TCASE_WEB_REQUEST_SELENIUM
Open the Bing website
and search for "Selenium"
and take a screenshot
and close the browser
and save the screenshot to the output folder
@author: Atembedd
@version: 1.0
@last_updated: 2025-01-01</doc>
<tag>bing</tag>
<tag>request</tag>
<tag>selenium</tag>
<tag>web</tag>
<status status="PASS" start="2025-02-21T09:38:03.884778" elapsed="6.702642"/>
</test>
<status status="PASS" start="2025-02-21T09:38:02.684775" elapsed="7.905643"/>
</suite>
<status status="PASS" start="2025-02-21T09:38:02.681781" elapsed="7.914640"/>
</suite>
<status status="PASS" start="2025-02-21T09:38:02.676778" elapsed="7.922636"/>
</suite>
<status status="PASS" start="2025-02-21T09:38:02.623258" elapsed="7.978157"/>
</suite>
<statistics>
<total>
<stat pass="1" fail="0" skip="0">All Tests</stat>
</total>
<tag>
<stat pass="1" fail="0" skip="0">bing</stat>
<stat pass="1" fail="0" skip="0">request</stat>
<stat pass="1" fail="0" skip="0">selenium</stat>
<stat pass="1" fail="0" skip="0">web</stat>
</tag>
<suite>
<stat name="atembed-py-robotFramework" id="s1" pass="1" fail="0" skip="0">atembed-py-robotFramework</stat>
<stat name="Atembedd Release Suite" id="s1-s1" pass="1" fail="0" skip="0">atembed-py-robotFramework.Atembedd Release Suite</stat>
<stat name="01 TCASE WEB REQUEST SELENIUM" id="s1-s1-s1" pass="1" fail="0" skip="0">atembed-py-robotFramework.Atembedd Release Suite.01 TCASE WEB REQUEST SELENIUM</stat>
<stat name="01 TCASE WEB REQUEST SELENIUM" id="s1-s1-s1-s1" pass="1" fail="0" skip="0">atembed-py-robotFramework.Atembedd Release Suite.01 TCASE WEB REQUEST SELENIUM.01 TCASE WEB REQUEST SELENIUM</stat>
</suite>
</statistics>
<errors>
</errors>
</robot>
