<?xml version="1.0" encoding="UTF-8"?>
<robot generator="Robot 7.2.2 (Python 3.12.9 on win32)" generated="2025-02-22T00:56:07.539408" rpa="false" schemaversion="5">
<suite id="s1" name="atembed-py-robotFramework" source="C:\Users\leots\OneDrive\Desktop\windows-linux\Atemb\atembed-py-robotFramework">
<suite id="s1-s1" name="Atemb Release Suite" source="C:\Users\leots\OneDrive\Desktop\windows-linux\Atemb\atembed-py-robotFramework\Atemb_Release_Suite">
<suite id="s1-s1-s1" name="01 TCASE WEB REQUEST SELENIUM" source="C:\Users\leots\OneDrive\Desktop\windows-linux\Atemb\atembed-py-robotFramework\Atemb_Release_Suite\01_TCASE_WEB_REQUEST_SELENIUM">
<suite id="s1-s1-s1-s1" name="02 TCASE WEB REQUEST SELENIUM OPEN EMBEFF WEBSITE" source="C:\Users\leots\OneDrive\Desktop\windows-linux\Atemb\atembed-py-robotFramework\Atemb_Release_Suite\01_TCASE_WEB_REQUEST_SELENIUM\02_TCASE_WEB_REQUEST_SELENIUM_OPEN_EMBEFF_WEBSITE.robot">
<test id="s1-s1-s1-s1-t1" name="TCASE_WEB_REQUEST_SELENIUM_OPEN_EMBEFF_WEBSITE" line="8">
<kw name="Open Browser" owner="SeleniumLibrary" type="SETUP">
<msg time="2025-02-22T00:56:07.924920" level="INFO">Opening browser 'edge' to base url 'https://atemb-website.vercel.app/'.</msg>
<arg>${URL}</arg>
<arg>edge</arg>
<doc>Opens a new browser instance to the optional ``url``.</doc>
<status status="PASS" start="2025-02-22T00:56:07.924920" elapsed="3.880382"/>
</kw>
<kw name="Maximize Browser Window" owner="SeleniumLibrary">
<doc>Maximizes current browser window.</doc>
<status status="PASS" start="2025-02-22T00:56:11.806298" elapsed="0.085905"/>
</kw>
<kw name="Capture Page Screenshot" owner="SeleniumLibrary">
<msg time="2025-02-22T00:56:12.396029" level="INFO" html="true">&lt;/td&gt;&lt;/tr&gt;&lt;tr&gt;&lt;td colspan="3"&gt;&lt;a href="selenium-screenshot-10.png"&gt;&lt;img src="selenium-screenshot-10.png" width="800px"&gt;&lt;/a&gt;</msg>
<doc>Takes a screenshot of the current page and embeds it into a log file.</doc>
<status status="PASS" start="2025-02-22T00:56:11.893201" elapsed="0.503826"/>
</kw>
<kw name="Close Browser" owner="SeleniumLibrary" type="TEARDOWN">
<doc>Closes the current browser.</doc>
<status status="PASS" start="2025-02-22T00:56:12.398029" elapsed="2.374343"/>
</kw>
<doc>Copyright details, 2025 Atembedd
TCASE_WEB_REQUEST_SELENIUM_OPEN_EMBEFF_WEBSITE
Open the Embeff website
and take a screenshot
and close the browser
and save the screenshot to the output folder
@author: Atembedd
@version: 1.0
@last_updated: 2025-01-01</doc>
<tag>atemb</tag>
<tag>request</tag>
<tag>selenium</tag>
<tag>web</tag>
<status status="PASS" start="2025-02-22T00:56:07.921919" elapsed="6.851450"/>
</test>
<status status="PASS" start="2025-02-22T00:56:07.583098" elapsed="7.194207"/>
</suite>
<status status="PASS" start="2025-02-22T00:56:07.580099" elapsed="7.201202"/>
</suite>
<status status="PASS" start="2025-02-22T00:56:07.577111" elapsed="7.207185"/>
</suite>
<status status="PASS" start="2025-02-22T00:56:07.554549" elapsed="7.233017"/>
</suite>
<statistics>
<total>
<stat pass="1" fail="0" skip="0">All Tests</stat>
</total>
<tag>
<stat pass="1" fail="0" skip="0">atemb</stat>
<stat pass="1" fail="0" skip="0">request</stat>
<stat pass="1" fail="0" skip="0">selenium</stat>
<stat pass="1" fail="0" skip="0">web</stat>
</tag>
<suite>
<stat name="atembed-py-robotFramework" id="s1" pass="1" fail="0" skip="0">atembed-py-robotFramework</stat>
<stat name="Atemb Release Suite" id="s1-s1" pass="1" fail="0" skip="0">atembed-py-robotFramework.Atemb Release Suite</stat>
<stat name="01 TCASE WEB REQUEST SELENIUM" id="s1-s1-s1" pass="1" fail="0" skip="0">atembed-py-robotFramework.Atemb Release Suite.01 TCASE WEB REQUEST SELENIUM</stat>
<stat name="02 TCASE WEB REQUEST SELENIUM OPEN EMBEFF WEBSITE" id="s1-s1-s1-s1" pass="1" fail="0" skip="0">atembed-py-robotFramework.Atemb Release Suite.01 TCASE WEB REQUEST SELENIUM.02 TCASE WEB REQUEST SELENIUM OPEN EMBEFF WEBSITE</stat>
</suite>
</statistics>
<errors>
</errors>
</robot>
